<?xml version="1.0" encoding="UTF-8"?>
<testsuite xmlns:xsi="http://www.w3.org/2001/XMLSchema-instance" xsi:noNamespaceSchemaLocation="https://maven.apache.org/surefire/maven-surefire-plugin/xsd/surefire-test-report-3.0.xsd" version="3.0" name="com.example.mock.framework.DynamicProxyMockTest" time="0.165" tests="9" errors="0" skipped="0" failures="0">
  <properties>
[...]
</properties>
  <testcase name="shouldRecordMethodInvocations" classname="com.example.mock.framework.DynamicProxyMockTest" time="0.118"/>
  <testcase name="shouldStubMethodReturnValues" classname="com.example.mock.framework.DynamicProxyMockTest" time="0.002"/>
  <testcase name="shouldThrowExceptionForNonInterface" classname="com.example.mock.framework.DynamicProxyMockTest" time="0.008"/>
  <testcase name="shouldReturnPrimitiveDefaults" classname="com.example.mock.framework.DynamicProxyMockTest" time="0.003"/>
  <testcase name="shouldCreateMockFromInterface" classname="com.example.mock.framework.DynamicProxyMockTest" time="0.001"/>
  <testcase name="shouldStubMethodWithSpecificArgumentMatching" classname="com.example.mock.framework.DynamicProxyMockTest" time="0.001"/>
  <testcase name="shouldDetectInvalidMockObjects" classname="com.example.mock.framework.DynamicProxyMockTest" time="0.001"/>
  <testcase name="shouldVerifyMethodCalls" classname="com.example.mock.framework.DynamicProxyMockTest" time="0.004"/>
  <testcase name="shouldReturnNullByDefault" classname="com.example.mock.framework.DynamicProxyMockTest" time="0"/>
</testsuite>